NOTE: Picked up JDK_JAVA_OPTIONS:  --add-opens=java.base/java.lang=ALL-UNNAMED --add-opens=java.base/java.io=ALL-UNNAMED --add-opens=java.rmi/sun.rmi.transport=ALL-UNNAMED
06-Jul-2020 15:29:11.709 INFO [main] org.apache.catalina.startup.VersionLoggerListener.log Server version name:   Apache Tomcat/9.0.36
06-Jul-2020 15:29:11.713 INFO [main] org.apache.catalina.startup.VersionLoggerListener.log Server built:          Jun 3 2020 17:07:09 UTC
06-Jul-2020 15:29:11.714 INFO [main] org.apache.catalina.startup.VersionLoggerListener.log Server version number: 9.0.36.0
06-Jul-2020 15:29:11.714 INFO [main] org.apache.catalina.startup.VersionLoggerListener.log OS Name:               Linux
06-Jul-2020 15:29:11.715 INFO [main] org.apache.catalina.startup.VersionLoggerListener.log OS Version:            4.19.104-microsoft-standard
06-Jul-2020 15:29:11.718 INFO [main] org.apache.catalina.startup.VersionLoggerListener.log Architecture:          amd64
06-Jul-2020 15:29:11.719 INFO [main] org.apache.catalina.startup.VersionLoggerListener.log Java Home:             /usr/lib/jvm/java-14-oracle
06-Jul-2020 15:29:11.719 INFO [main] org.apache.catalina.startup.VersionLoggerListener.log JVM Version:           14.0.1+7
06-Jul-2020 15:29:11.720 INFO [main] org.apache.catalina.startup.VersionLoggerListener.log JVM Vendor:            Oracle Corporation
06-Jul-2020 15:29:11.721 INFO [main] org.apache.catalina.startup.VersionLoggerListener.log CATALINA_BASE:         /mnt/d/apache-tomcat-9.0.36
06-Jul-2020 15:29:11.721 INFO [main] org.apache.catalina.startup.VersionLoggerListener.log CATALINA_HOME:         /mnt/d/apache-tomcat-9.0.36
06-Jul-2020 15:29:11.747 INFO [main] org.apache.catalina.startup.VersionLoggerListener.log Command line argument: --add-opens=java.base/java.lang=ALL-UNNAMED
06-Jul-2020 15:29:11.749 INFO [main] org.apache.catalina.startup.VersionLoggerListener.log Command line argument: --add-opens=java.base/java.io=ALL-UNNAMED
06-Jul-2020 15:29:11.750 INFO [main] org.apache.catalina.startup.VersionLoggerListener.log Command line argument: --add-opens=java.rmi/sun.rmi.transport=ALL-UNNAMED
06-Jul-2020 15:29:11.751 INFO [main] org.apache.catalina.startup.VersionLoggerListener.log Command line argument: -Djava.util.logging.config.file=/mnt/d/apache-tomcat-9.0.36//conf/logging.properties
06-Jul-2020 15:29:11.753 INFO [main] org.apache.catalina.startup.VersionLoggerListener.log Command line argument: -Djava.util.logging.manager=org.apache.juli.ClassLoaderLogManager
06-Jul-2020 15:29:11.754 INFO [main] org.apache.catalina.startup.VersionLoggerListener.log Command line argument: -Djdk.tls.ephemeralDHKeySize=2048
06-Jul-2020 15:29:11.755 INFO [main] org.apache.catalina.startup.VersionLoggerListener.log Command line argument: -Djava.protocol.handler.pkgs=org.apache.catalina.webresources
06-Jul-2020 15:29:11.756 INFO [main] org.apache.catalina.startup.VersionLoggerListener.log Command line argument: -Dorg.apache.catalina.security.SecurityListener.UMASK=0027
06-Jul-2020 15:29:11.757 INFO [main] org.apache.catalina.startup.VersionLoggerListener.log Command line argument: -Dignore.endorsed.dirs=
06-Jul-2020 15:29:11.757 INFO [main] org.apache.catalina.startup.VersionLoggerListener.log Command line argument: -Dcatalina.base=/mnt/d/apache-tomcat-9.0.36/
06-Jul-2020 15:29:11.758 INFO [main] org.apache.catalina.startup.VersionLoggerListener.log Command line argument: -Dcatalina.home=/mnt/d/apache-tomcat-9.0.36/
06-Jul-2020 15:29:11.759 INFO [main] org.apache.catalina.startup.VersionLoggerListener.log Command line argument: -Djava.io.tmpdir=/mnt/d/apache-tomcat-9.0.36//temp
06-Jul-2020 15:29:11.760 INFO [main] org.apache.catalina.core.AprLifecycleListener.lifecycleEvent The Apache Tomcat Native library which allows using OpenSSL was not found on the java.library.path: [/usr/java/packages/lib:/usr/lib64:/lib64:/lib:/usr/lib]
06-Jul-2020 15:29:12.419 INFO [main] org.apache.coyote.AbstractProtocol.init Initializing ProtocolHandler ["http-nio-8080"]
06-Jul-2020 15:29:12.482 INFO [main] org.apache.catalina.startup.Catalina.load Server initialization in [1,280] milliseconds
06-Jul-2020 15:29:12.586 INFO [main] org.apache.catalina.core.StandardService.startInternal Starting service [Catalina]
06-Jul-2020 15:29:12.586 INFO [main] org.apache.catalina.core.StandardEngine.startInternal Starting Servlet engine: [Apache Tomcat/9.0.36]
06-Jul-2020 15:29:12.702 INFO [main] org.apache.catalina.startup.HostConfig.deployWAR Deploying web application archive [/mnt/d/apache-tomcat-9.0.36/webapps/css-validator.war]
06-Jul-2020 15:35:17.901 INFO [main] org.apache.jasper.servlet.TldScanner.scanJars At least one JAR was scanned for TLDs yet contained no TLDs. Enable debug logging for this logger for a complete list of JARs that were scanned but no TLDs were found in them. Skipping unneeded JARs during scanning can improve startup time and JSP compilation time.
06-Jul-2020 15:35:18.131 INFO [main] org.apache.catalina.startup.HostConfig.deployWAR Deployment of web application archive [/mnt/d/apache-tomcat-9.0.36/webapps/css-validator.war] has finished in [365,429] ms
06-Jul-2020 15:35:18.142 INFO [main] org.apache.catalina.startup.HostConfig.deployDirectory Deploying web application directory [/mnt/d/apache-tomcat-9.0.36/webapps/docs]
06-Jul-2020 15:35:18.829 INFO [main] org.apache.catalina.startup.HostConfig.deployDirectory Deployment of web application directory [/mnt/d/apache-tomcat-9.0.36/webapps/docs] has finished in [686] ms
06-Jul-2020 15:35:18.831 INFO [main] org.apache.catalina.startup.HostConfig.deployDirectory Deploying web application directory [/mnt/d/apache-tomcat-9.0.36/webapps/examples]
06-Jul-2020 15:35:29.247 INFO [main] org.apache.catalina.startup.HostConfig.deployDirectory Deployment of web application directory [/mnt/d/apache-tomcat-9.0.36/webapps/examples] has finished in [10,415] ms
06-Jul-2020 15:35:29.253 INFO [main] org.apache.catalina.startup.HostConfig.deployDirectory Deploying web application directory [/mnt/d/apache-tomcat-9.0.36/webapps/host-manager]
06-Jul-2020 15:35:30.038 INFO [main] org.apache.catalina.startup.HostConfig.deployDirectory Deployment of web application directory [/mnt/d/apache-tomcat-9.0.36/webapps/host-manager] has finished in [785] ms
06-Jul-2020 15:35:30.041 INFO [main] org.apache.catalina.startup.HostConfig.deployDirectory Deploying web application directory [/mnt/d/apache-tomcat-9.0.36/webapps/manager]
06-Jul-2020 15:35:30.862 INFO [main] org.apache.catalina.startup.HostConfig.deployDirectory Deployment of web application directory [/mnt/d/apache-tomcat-9.0.36/webapps/manager] has finished in [821] ms
06-Jul-2020 15:35:30.865 INFO [main] org.apache.catalina.startup.HostConfig.deployDirectory Deploying web application directory [/mnt/d/apache-tomcat-9.0.36/webapps/ROOT]
06-Jul-2020 15:35:31.643 INFO [main] org.apache.catalina.startup.HostConfig.deployDirectory Deployment of web application directory [/mnt/d/apache-tomcat-9.0.36/webapps/ROOT] has finished in [778] ms
06-Jul-2020 15:35:31.657 INFO [main] org.apache.coyote.AbstractProtocol.start Starting ProtocolHandler ["http-nio-8080"]
06-Jul-2020 15:35:31.694 INFO [main] org.apache.catalina.startup.Catalina.start Server startup in [379,210] milliseconds
NOTE: Picked up JDK_JAVA_OPTIONS:  --add-opens=java.base/java.lang=ALL-UNNAMED --add-opens=java.base/java.io=ALL-UNNAMED --add-opens=java.rmi/sun.rmi.transport=ALL-UNNAMED
06-Jul-2020 16:23:59.039 INFO [main] org.apache.catalina.startup.VersionLoggerListener.log Server version name:   Apache Tomcat/9.0.36
06-Jul-2020 16:23:59.044 INFO [main] org.apache.catalina.startup.VersionLoggerListener.log Server built:          Jun 3 2020 17:07:09 UTC
06-Jul-2020 16:23:59.044 INFO [main] org.apache.catalina.startup.VersionLoggerListener.log Server version number: 9.0.36.0
06-Jul-2020 16:23:59.045 INFO [main] org.apache.catalina.startup.VersionLoggerListener.log OS Name:               Linux
06-Jul-2020 16:23:59.045 INFO [main] org.apache.catalina.startup.VersionLoggerListener.log OS Version:            4.19.104-microsoft-standard
06-Jul-2020 16:23:59.046 INFO [main] org.apache.catalina.startup.VersionLoggerListener.log Architecture:          amd64
06-Jul-2020 16:23:59.046 INFO [main] org.apache.catalina.startup.VersionLoggerListener.log Java Home:             /usr/lib/jvm/java-14-oracle
06-Jul-2020 16:23:59.047 INFO [main] org.apache.catalina.startup.VersionLoggerListener.log JVM Version:           14.0.1+7
06-Jul-2020 16:23:59.047 INFO [main] org.apache.catalina.startup.VersionLoggerListener.log JVM Vendor:            Oracle Corporation
06-Jul-2020 16:23:59.047 INFO [main] org.apache.catalina.startup.VersionLoggerListener.log CATALINA_BASE:         /mnt/d/apache-tomcat-9.0.36
06-Jul-2020 16:23:59.048 INFO [main] org.apache.catalina.startup.VersionLoggerListener.log CATALINA_HOME:         /mnt/d/apache-tomcat-9.0.36
06-Jul-2020 16:23:59.072 INFO [main] org.apache.catalina.startup.VersionLoggerListener.log Command line argument: --add-opens=java.base/java.lang=ALL-UNNAMED
06-Jul-2020 16:23:59.073 INFO [main] org.apache.catalina.startup.VersionLoggerListener.log Command line argument: --add-opens=java.base/java.io=ALL-UNNAMED
06-Jul-2020 16:23:59.074 INFO [main] org.apache.catalina.startup.VersionLoggerListener.log Command line argument: --add-opens=java.rmi/sun.rmi.transport=ALL-UNNAMED
06-Jul-2020 16:23:59.074 INFO [main] org.apache.catalina.startup.VersionLoggerListener.log Command line argument: -Djava.util.logging.config.file=/mnt/d/apache-tomcat-9.0.36/conf/logging.properties
06-Jul-2020 16:23:59.075 INFO [main] org.apache.catalina.startup.VersionLoggerListener.log Command line argument: -Djava.util.logging.manager=org.apache.juli.ClassLoaderLogManager
06-Jul-2020 16:23:59.075 INFO [main] org.apache.catalina.startup.VersionLoggerListener.log Command line argument: -Djdk.tls.ephemeralDHKeySize=2048
06-Jul-2020 16:23:59.076 INFO [main] org.apache.catalina.startup.VersionLoggerListener.log Command line argument: -Djava.protocol.handler.pkgs=org.apache.catalina.webresources
06-Jul-2020 16:23:59.076 INFO [main] org.apache.catalina.startup.VersionLoggerListener.log Command line argument: -Dorg.apache.catalina.security.SecurityListener.UMASK=0027
06-Jul-2020 16:23:59.077 INFO [main] org.apache.catalina.startup.VersionLoggerListener.log Command line argument: -Dignore.endorsed.dirs=
06-Jul-2020 16:23:59.077 INFO [main] org.apache.catalina.startup.VersionLoggerListener.log Command line argument: -Dcatalina.base=/mnt/d/apache-tomcat-9.0.36
06-Jul-2020 16:23:59.078 INFO [main] org.apache.catalina.startup.VersionLoggerListener.log Command line argument: -Dcatalina.home=/mnt/d/apache-tomcat-9.0.36
06-Jul-2020 16:23:59.079 INFO [main] org.apache.catalina.startup.VersionLoggerListener.log Command line argument: -Djava.io.tmpdir=/mnt/d/apache-tomcat-9.0.36/temp
06-Jul-2020 16:23:59.079 INFO [main] org.apache.catalina.core.AprLifecycleListener.lifecycleEvent The Apache Tomcat Native library which allows using OpenSSL was not found on the java.library.path: [/usr/java/packages/lib:/usr/lib64:/lib64:/lib:/usr/lib]
06-Jul-2020 16:23:59.678 INFO [main] org.apache.coyote.AbstractProtocol.init Initializing ProtocolHandler ["http-nio-8080"]
06-Jul-2020 16:23:59.731 INFO [main] org.apache.catalina.startup.Catalina.load Server initialization in [1,113] milliseconds
06-Jul-2020 16:23:59.824 INFO [main] org.apache.catalina.core.StandardService.startInternal Starting service [Catalina]
06-Jul-2020 16:23:59.825 INFO [main] org.apache.catalina.core.StandardEngine.startInternal Starting Servlet engine: [Apache Tomcat/9.0.36]
06-Jul-2020 16:23:59.914 INFO [main] org.apache.catalina.startup.HostConfig.deployWAR Deploying web application archive [/mnt/d/apache-tomcat-9.0.36/webapps/css-validator.war]
06-Jul-2020 16:26:40.183 INFO [main] org.apache.jasper.servlet.TldScanner.scanJars At least one JAR was scanned for TLDs yet contained no TLDs. Enable debug logging for this logger for a complete list of JARs that were scanned but no TLDs were found in them. Skipping unneeded JARs during scanning can improve startup time and JSP compilation time.
06-Jul-2020 16:26:40.402 INFO [main] org.apache.catalina.startup.HostConfig.deployWAR Deployment of web application archive [/mnt/d/apache-tomcat-9.0.36/webapps/css-validator.war] has finished in [160,488] ms
06-Jul-2020 16:26:40.410 INFO [main] org.apache.catalina.startup.HostConfig.deployDirectory Deploying web application directory [/mnt/d/apache-tomcat-9.0.36/webapps/docs]
06-Jul-2020 16:26:41.222 INFO [main] org.apache.catalina.startup.HostConfig.deployDirectory Deployment of web application directory [/mnt/d/apache-tomcat-9.0.36/webapps/docs] has finished in [812] ms
06-Jul-2020 16:26:41.225 INFO [main] org.apache.catalina.startup.HostConfig.deployDirectory Deploying web application directory [/mnt/d/apache-tomcat-9.0.36/webapps/examples]
06-Jul-2020 16:26:52.894 INFO [main] org.apache.catalina.startup.HostConfig.deployDirectory Deployment of web application directory [/mnt/d/apache-tomcat-9.0.36/webapps/examples] has finished in [11,669] ms
06-Jul-2020 16:26:52.897 INFO [main] org.apache.catalina.startup.HostConfig.deployDirectory Deploying web application directory [/mnt/d/apache-tomcat-9.0.36/webapps/host-manager]
06-Jul-2020 16:26:53.885 INFO [main] org.apache.catalina.startup.HostConfig.deployDirectory Deployment of web application directory [/mnt/d/apache-tomcat-9.0.36/webapps/host-manager] has finished in [987] ms
06-Jul-2020 16:26:53.888 INFO [main] org.apache.catalina.startup.HostConfig.deployDirectory Deploying web application directory [/mnt/d/apache-tomcat-9.0.36/webapps/manager]
06-Jul-2020 16:26:54.942 INFO [main] org.apache.catalina.startup.HostConfig.deployDirectory Deployment of web application directory [/mnt/d/apache-tomcat-9.0.36/webapps/manager] has finished in [1,054] ms
06-Jul-2020 16:26:54.945 INFO [main] org.apache.catalina.startup.HostConfig.deployDirectory Deploying web application directory [/mnt/d/apache-tomcat-9.0.36/webapps/ROOT]
06-Jul-2020 16:26:55.770 INFO [main] org.apache.catalina.startup.HostConfig.deployDirectory Deployment of web application directory [/mnt/d/apache-tomcat-9.0.36/webapps/ROOT] has finished in [824] ms
06-Jul-2020 16:26:55.790 INFO [main] org.apache.coyote.AbstractProtocol.start Starting ProtocolHandler ["http-nio-8080"]
06-Jul-2020 16:26:55.823 INFO [main] org.apache.catalina.startup.Catalina.start Server startup in [176,090] milliseconds
