07-Jul-2020 10:34:52.436 信息 [main] org.apache.catalina.core.ApplicationContext.log ContextListener: contextInitialized()
07-Jul-2020 10:34:52.436 信息 [main] org.apache.catalina.core.ApplicationContext.log SessionListener: contextInitialized()
07-Jul-2020 10:34:52.436 信息 [main] org.apache.catalina.core.ApplicationContext.log ContextListener: attributeAdded('StockTicker', 'async.Stockticker@5012c571')
07-Jul-2020 10:42:45.154 信息 [Thread-3] org.apache.catalina.core.ApplicationContext.log SessionListener: contextDestroyed()
07-Jul-2020 10:42:45.154 信息 [Thread-3] org.apache.catalina.core.ApplicationContext.log ContextListener: contextDestroyed()
07-Jul-2020 10:42:54.766 信息 [main] org.apache.catalina.core.ApplicationContext.log ContextListener: contextInitialized()
07-Jul-2020 10:42:54.766 信息 [main] org.apache.catalina.core.ApplicationContext.log SessionListener: contextInitialized()
07-Jul-2020 10:42:54.768 信息 [main] org.apache.catalina.core.ApplicationContext.log ContextListener: attributeAdded('StockTicker', 'async.Stockticker@40d60f2')
07-Jul-2020 11:44:03.458 信息 [main] org.apache.catalina.core.ApplicationContext.log ContextListener: contextInitialized()
07-Jul-2020 11:44:03.458 信息 [main] org.apache.catalina.core.ApplicationContext.log SessionListener: contextInitialized()
07-Jul-2020 11:44:03.460 信息 [main] org.apache.catalina.core.ApplicationContext.log ContextListener: attributeAdded('StockTicker', 'async.Stockticker@14de1901')
07-Jul-2020 11:44:41.362 信息 [Thread-3] org.apache.catalina.core.ApplicationContext.log SessionListener: contextDestroyed()
07-Jul-2020 11:44:41.362 信息 [Thread-3] org.apache.catalina.core.ApplicationContext.log ContextListener: contextDestroyed()
07-Jul-2020 11:45:12.939 信息 [main] org.apache.catalina.core.ApplicationContext.log ContextListener: contextInitialized()
07-Jul-2020 11:45:12.939 信息 [main] org.apache.catalina.core.ApplicationContext.log SessionListener: contextInitialized()
07-Jul-2020 11:45:12.941 信息 [main] org.apache.catalina.core.ApplicationContext.log ContextListener: attributeAdded('StockTicker', 'async.Stockticker@72bdd7c7')
07-Jul-2020 12:18:11.212 信息 [main] org.apache.catalina.core.ApplicationContext.log ContextListener: contextInitialized()
07-Jul-2020 12:18:11.212 信息 [main] org.apache.catalina.core.ApplicationContext.log SessionListener: contextInitialized()
07-Jul-2020 12:18:11.214 信息 [main] org.apache.catalina.core.ApplicationContext.log ContextListener: attributeAdded('StockTicker', 'async.Stockticker@18ffca6c')
07-Jul-2020 12:21:37.757 信息 [main] org.apache.catalina.core.ApplicationContext.log ContextListener: contextInitialized()
07-Jul-2020 12:21:37.757 信息 [main] org.apache.catalina.core.ApplicationContext.log SessionListener: contextInitialized()
07-Jul-2020 12:21:37.760 信息 [main] org.apache.catalina.core.ApplicationContext.log ContextListener: attributeAdded('StockTicker', 'async.Stockticker@6c479fdf')
07-Jul-2020 14:28:24.448 信息 [main] org.apache.catalina.core.ApplicationContext.log ContextListener: contextInitialized()
07-Jul-2020 14:28:24.448 信息 [main] org.apache.catalina.core.ApplicationContext.log SessionListener: contextInitialized()
07-Jul-2020 14:28:24.450 信息 [main] org.apache.catalina.core.ApplicationContext.log ContextListener: attributeAdded('StockTicker', 'async.Stockticker@5012c571')
07-Jul-2020 16:30:10.871 信息 [main] org.apache.catalina.core.ApplicationContext.log ContextListener: contextInitialized()
07-Jul-2020 16:30:10.871 信息 [main] org.apache.catalina.core.ApplicationContext.log SessionListener: contextInitialized()
07-Jul-2020 16:30:10.873 信息 [main] org.apache.catalina.core.ApplicationContext.log ContextListener: attributeAdded('StockTicker', 'async.Stockticker@5939e24')
07-Jul-2020 16:42:10.162 信息 [main] org.apache.catalina.core.ApplicationContext.log ContextListener: contextInitialized()
07-Jul-2020 16:42:10.162 信息 [main] org.apache.catalina.core.ApplicationContext.log SessionListener: contextInitialized()
07-Jul-2020 16:42:10.162 信息 [main] org.apache.catalina.core.ApplicationContext.log ContextListener: attributeAdded('StockTicker', 'async.Stockticker@6c479fdf')
