06-Jul-2020 15:35:29.071 INFO [main] org.apache.catalina.core.ApplicationContext.log ContextListener: contextInitialized()
06-Jul-2020 15:35:29.071 INFO [main] org.apache.catalina.core.ApplicationContext.log SessionListener: contextInitialized()
06-Jul-2020 15:35:29.110 INFO [main] org.apache.catalina.core.ApplicationContext.log ContextListener: attributeAdded('StockTicker', 'async.Stockticker@33e4b9c4')
06-Jul-2020 16:26:52.703 INFO [main] org.apache.catalina.core.ApplicationContext.log ContextListener: contextInitialized()
06-Jul-2020 16:26:52.703 INFO [main] org.apache.catalina.core.ApplicationContext.log SessionListener: contextInitialized()
06-Jul-2020 16:26:52.749 INFO [main] org.apache.catalina.core.ApplicationContext.log ContextListener: attributeAdded('StockTicker', 'async.Stockticker@2b2954e1')
06-Jul-2020 17:00:33.115 信息 [main] org.apache.catalina.core.ApplicationContext.log ContextListener: contextInitialized()
06-Jul-2020 17:00:33.115 信息 [main] org.apache.catalina.core.ApplicationContext.log SessionListener: contextInitialized()
06-Jul-2020 17:00:33.117 信息 [main] org.apache.catalina.core.ApplicationContext.log ContextListener: attributeAdded('StockTicker', 'async.Stockticker@539a138b')
06-Jul-2020 17:04:25.816 信息 [main] org.apache.catalina.core.ApplicationContext.log ContextListener: contextInitialized()
06-Jul-2020 17:04:25.817 信息 [main] org.apache.catalina.core.ApplicationContext.log SessionListener: contextInitialized()
06-Jul-2020 17:04:25.819 信息 [main] org.apache.catalina.core.ApplicationContext.log ContextListener: attributeAdded('StockTicker', 'async.Stockticker@3468ee6e')
06-Jul-2020 17:09:35.426 信息 [main] org.apache.catalina.core.ApplicationContext.log ContextListener: contextInitialized()
06-Jul-2020 17:09:35.426 信息 [main] org.apache.catalina.core.ApplicationContext.log SessionListener: contextInitialized()
06-Jul-2020 17:09:35.426 信息 [main] org.apache.catalina.core.ApplicationContext.log ContextListener: attributeAdded('StockTicker', 'async.Stockticker@16aed49f')
06-Jul-2020 18:46:54.774 信息 [main] org.apache.catalina.core.ApplicationContext.log ContextListener: contextInitialized()
06-Jul-2020 18:46:54.774 信息 [main] org.apache.catalina.core.ApplicationContext.log SessionListener: contextInitialized()
06-Jul-2020 18:46:54.776 信息 [main] org.apache.catalina.core.ApplicationContext.log ContextListener: attributeAdded('StockTicker', 'async.Stockticker@578c3fd9')
06-Jul-2020 18:48:10.579 信息 [main] org.apache.catalina.core.ApplicationContext.log SessionListener: contextDestroyed()
06-Jul-2020 18:48:10.579 信息 [main] org.apache.catalina.core.ApplicationContext.log ContextListener: contextDestroyed()
06-Jul-2020 18:57:33.517 信息 [main] org.apache.catalina.core.ApplicationContext.log ContextListener: contextInitialized()
06-Jul-2020 18:57:33.517 信息 [main] org.apache.catalina.core.ApplicationContext.log SessionListener: contextInitialized()
06-Jul-2020 18:57:33.519 信息 [main] org.apache.catalina.core.ApplicationContext.log ContextListener: attributeAdded('StockTicker', 'async.Stockticker@578c3fd9')
06-Jul-2020 19:10:22.200 信息 [main] org.apache.catalina.core.ApplicationContext.log ContextListener: contextInitialized()
06-Jul-2020 19:10:22.200 信息 [main] org.apache.catalina.core.ApplicationContext.log SessionListener: contextInitialized()
06-Jul-2020 19:10:22.203 信息 [main] org.apache.catalina.core.ApplicationContext.log ContextListener: attributeAdded('StockTicker', 'async.Stockticker@788e3702')
06-Jul-2020 19:22:07.209 信息 [main] org.apache.catalina.core.ApplicationContext.log ContextListener: contextInitialized()
06-Jul-2020 19:22:07.209 信息 [main] org.apache.catalina.core.ApplicationContext.log SessionListener: contextInitialized()
06-Jul-2020 19:22:07.212 信息 [main] org.apache.catalina.core.ApplicationContext.log ContextListener: attributeAdded('StockTicker', 'async.Stockticker@2dbfa972')
06-Jul-2020 19:26:28.225 信息 [main] org.apache.catalina.core.ApplicationContext.log ContextListener: contextInitialized()
06-Jul-2020 19:26:28.225 信息 [main] org.apache.catalina.core.ApplicationContext.log SessionListener: contextInitialized()
06-Jul-2020 19:26:28.225 信息 [main] org.apache.catalina.core.ApplicationContext.log ContextListener: attributeAdded('StockTicker', 'async.Stockticker@40d60f2')
06-Jul-2020 19:50:20.847 信息 [main] org.apache.catalina.core.ApplicationContext.log ContextListener: contextInitialized()
06-Jul-2020 19:50:20.847 信息 [main] org.apache.catalina.core.ApplicationContext.log SessionListener: contextInitialized()
06-Jul-2020 19:50:20.847 信息 [main] org.apache.catalina.core.ApplicationContext.log ContextListener: attributeAdded('StockTicker', 'async.Stockticker@6cbb7a7d')
06-Jul-2020 20:03:08.727 信息 [main] org.apache.catalina.core.ApplicationContext.log ContextListener: contextInitialized()
06-Jul-2020 20:03:08.727 信息 [main] org.apache.catalina.core.ApplicationContext.log SessionListener: contextInitialized()
06-Jul-2020 20:03:08.727 信息 [main] org.apache.catalina.core.ApplicationContext.log ContextListener: attributeAdded('StockTicker', 'async.Stockticker@5939e24')
06-Jul-2020 20:22:20.016 信息 [main] org.apache.catalina.core.ApplicationContext.log ContextListener: contextInitialized()
06-Jul-2020 20:22:20.016 信息 [main] org.apache.catalina.core.ApplicationContext.log SessionListener: contextInitialized()
06-Jul-2020 20:22:20.019 信息 [main] org.apache.catalina.core.ApplicationContext.log ContextListener: attributeAdded('StockTicker', 'async.Stockticker@14de1901')
06-Jul-2020 20:38:18.314 信息 [main] org.apache.catalina.core.ApplicationContext.log ContextListener: contextInitialized()
06-Jul-2020 20:38:18.314 信息 [main] org.apache.catalina.core.ApplicationContext.log SessionListener: contextInitialized()
06-Jul-2020 20:38:18.324 信息 [main] org.apache.catalina.core.ApplicationContext.log ContextListener: attributeAdded('StockTicker', 'async.Stockticker@de77146')
06-Jul-2020 20:59:53.660 信息 [main] org.apache.catalina.core.ApplicationContext.log ContextListener: contextInitialized()
06-Jul-2020 20:59:53.660 信息 [main] org.apache.catalina.core.ApplicationContext.log SessionListener: contextInitialized()
06-Jul-2020 20:59:53.661 信息 [main] org.apache.catalina.core.ApplicationContext.log ContextListener: attributeAdded('StockTicker', 'async.Stockticker@143fefaf')
06-Jul-2020 21:53:44.524 信息 [main] org.apache.catalina.core.ApplicationContext.log ContextListener: contextInitialized()
06-Jul-2020 21:53:44.524 信息 [main] org.apache.catalina.core.ApplicationContext.log SessionListener: contextInitialized()
06-Jul-2020 21:53:44.524 信息 [main] org.apache.catalina.core.ApplicationContext.log ContextListener: attributeAdded('StockTicker', 'async.Stockticker@de77146')
06-Jul-2020 22:06:31.745 信息 [main] org.apache.catalina.core.ApplicationContext.log ContextListener: contextInitialized()
06-Jul-2020 22:06:31.745 信息 [main] org.apache.catalina.core.ApplicationContext.log SessionListener: contextInitialized()
06-Jul-2020 22:06:31.745 信息 [main] org.apache.catalina.core.ApplicationContext.log ContextListener: attributeAdded('StockTicker', 'async.Stockticker@16aed49f')
06-Jul-2020 22:11:49.906 信息 [main] org.apache.catalina.core.ApplicationContext.log ContextListener: contextInitialized()
06-Jul-2020 22:11:49.906 信息 [main] org.apache.catalina.core.ApplicationContext.log SessionListener: contextInitialized()
06-Jul-2020 22:11:49.911 信息 [main] org.apache.catalina.core.ApplicationContext.log ContextListener: attributeAdded('StockTicker', 'async.Stockticker@11f23038')
06-Jul-2020 22:20:57.363 信息 [main] org.apache.catalina.core.ApplicationContext.log ContextListener: contextInitialized()
06-Jul-2020 22:20:57.363 信息 [main] org.apache.catalina.core.ApplicationContext.log SessionListener: contextInitialized()
06-Jul-2020 22:20:57.370 信息 [main] org.apache.catalina.core.ApplicationContext.log ContextListener: attributeAdded('StockTicker', 'async.Stockticker@40d60f2')
06-Jul-2020 22:24:53.772 信息 [Thread-3] org.apache.catalina.core.ApplicationContext.log SessionListener: contextDestroyed()
06-Jul-2020 22:24:53.772 信息 [Thread-3] org.apache.catalina.core.ApplicationContext.log ContextListener: contextDestroyed()
06-Jul-2020 22:27:35.395 信息 [main] org.apache.catalina.core.ApplicationContext.log ContextListener: contextInitialized()
06-Jul-2020 22:27:35.395 信息 [main] org.apache.catalina.core.ApplicationContext.log SessionListener: contextInitialized()
06-Jul-2020 22:27:35.400 信息 [main] org.apache.catalina.core.ApplicationContext.log ContextListener: attributeAdded('StockTicker', 'async.Stockticker@40d60f2')
06-Jul-2020 22:28:25.276 信息 [main] org.apache.catalina.core.ApplicationContext.log ContextListener: contextInitialized()
06-Jul-2020 22:28:25.276 信息 [main] org.apache.catalina.core.ApplicationContext.log SessionListener: contextInitialized()
06-Jul-2020 22:28:25.279 信息 [main] org.apache.catalina.core.ApplicationContext.log ContextListener: attributeAdded('StockTicker', 'async.Stockticker@de77146')
06-Jul-2020 22:40:51.478 信息 [Thread-3] org.apache.catalina.core.ApplicationContext.log SessionListener: contextDestroyed()
06-Jul-2020 22:40:51.478 信息 [Thread-3] org.apache.catalina.core.ApplicationContext.log ContextListener: contextDestroyed()
06-Jul-2020 22:43:10.169 信息 [main] org.apache.catalina.core.ApplicationContext.log ContextListener: contextInitialized()
06-Jul-2020 22:43:10.169 信息 [main] org.apache.catalina.core.ApplicationContext.log SessionListener: contextInitialized()
06-Jul-2020 22:43:10.169 信息 [main] org.apache.catalina.core.ApplicationContext.log ContextListener: attributeAdded('StockTicker', 'async.Stockticker@3a0b6a')
06-Jul-2020 22:51:21.216 信息 [main] org.apache.catalina.core.ApplicationContext.log ContextListener: contextInitialized()
06-Jul-2020 22:51:21.216 信息 [main] org.apache.catalina.core.ApplicationContext.log SessionListener: contextInitialized()
06-Jul-2020 22:51:21.225 信息 [main] org.apache.catalina.core.ApplicationContext.log ContextListener: attributeAdded('StockTicker', 'async.Stockticker@3a0b6a')
06-Jul-2020 22:55:51.434 信息 [main] org.apache.catalina.core.ApplicationContext.log ContextListener: contextInitialized()
06-Jul-2020 22:55:51.434 信息 [main] org.apache.catalina.core.ApplicationContext.log SessionListener: contextInitialized()
06-Jul-2020 22:55:51.436 信息 [main] org.apache.catalina.core.ApplicationContext.log ContextListener: attributeAdded('StockTicker', 'async.Stockticker@26f0141')
